[27-May-2024 05:41:47 UTC] PHP Fatal error:  Cannot redeclare wrp_register_settings() (previously declared in C:\xampp\htdocs\weeklygrocery\wp-content\plugins\weekly-recipe-planner\weekly-recipe-planner.php:275) in C:\xampp\htdocs\weeklygrocery\wp-content\plugins\weekly-recipe-planner\weekly-recipe-planner.php on line 316
[27-May-2024 05:41:47 UTC] PHP Notice:  Function is_embed was called incorrectly. Conditional query tags do not work before the query is run. Before then, they always return false. Please see <a>Debugging in WordPress</a> for more information. (This message was added in version 3.1.0.) in C:\xampp\htdocs\weeklygrocery\wp-includes\functions.php on line 6078
[27-May-2024 05:41:47 UTC] PHP Notice:  Function is_search was called incorrectly. Conditional query tags do not work before the query is run. Before then, they always return false. Please see <a>Debugging in WordPress</a> for more information. (This message was added in version 3.1.0.) in C:\xampp\htdocs\weeklygrocery\wp-includes\functions.php on line 6078
[27-May-2024 05:42:56 UTC] PHP Warning:  Undefined variable $logo_height in C:\xampp\htdocs\weeklygrocery\wp-content\themes\bridge\css\style_dynamic_callback.php on line 1171
[27-May-2024 05:42:56 UTC] PHP Warning:  Undefined variable $logo_height in C:\xampp\htdocs\weeklygrocery\wp-content\themes\bridge\includes\qode-dynamic-helper-functions.php on line 1158
[27-May-2024 05:43:03 UTC] PHP Warning:  Undefined variable $logo_height in C:\xampp\htdocs\weeklygrocery\wp-content\themes\bridge\css\style_dynamic_callback.php on line 1171
[27-May-2024 05:43:03 UTC] PHP Warning:  Undefined variable $logo_height in C:\xampp\htdocs\weeklygrocery\wp-content\themes\bridge\includes\qode-dynamic-helper-functions.php on line 1158
[27-May-2024 05:45:43 UTC] PHP Warning:  Undefined variable $logo_height in C:\xampp\htdocs\weeklygrocery\wp-content\themes\bridge\css\style_dynamic_callback.php on line 1171
[27-May-2024 05:45:43 UTC] PHP Warning:  Undefined variable $logo_height in C:\xampp\htdocs\weeklygrocery\wp-content\themes\bridge\includes\qode-dynamic-helper-functions.php on line 1158
[27-May-2024 05:45:46 UTC] PHP Warning:  Undefined variable $logo_height in C:\xampp\htdocs\weeklygrocery\wp-content\themes\bridge\css\style_dynamic_callback.php on line 1171
[27-May-2024 05:45:46 UTC] PHP Warning:  Undefined variable $logo_height in C:\xampp\htdocs\weeklygrocery\wp-content\themes\bridge\includes\qode-dynamic-helper-functions.php on line 1158
[27-May-2024 05:46:32 UTC] PHP Warning:  Undefined variable $logo_height in C:\xampp\htdocs\weeklygrocery\wp-content\themes\bridge\css\style_dynamic_callback.php on line 1171
[27-May-2024 05:46:32 UTC] PHP Warning:  Undefined variable $logo_height in C:\xampp\htdocs\weeklygrocery\wp-content\themes\bridge\includes\qode-dynamic-helper-functions.php on line 1158
[27-May-2024 05:47:35 UTC] PHP Warning:  Undefined variable $logo_height in C:\xampp\htdocs\weeklygrocery\wp-content\themes\bridge\css\style_dynamic_callback.php on line 1171
[27-May-2024 05:47:35 UTC] PHP Warning:  Undefined variable $logo_height in C:\xampp\htdocs\weeklygrocery\wp-content\themes\bridge\includes\qode-dynamic-helper-functions.php on line 1158
[27-May-2024 05:50:01 UTC] PHP Warning:  Undefined variable $logo_height in C:\xampp\htdocs\weeklygrocery\wp-content\themes\bridge\css\style_dynamic_callback.php on line 1171
[27-May-2024 05:50:01 UTC] PHP Warning:  Undefined variable $logo_height in C:\xampp\htdocs\weeklygrocery\wp-content\themes\bridge\includes\qode-dynamic-helper-functions.php on line 1158
[27-May-2024 05:50:04 UTC] PHP Warning:  Undefined variable $logo_height in C:\xampp\htdocs\weeklygrocery\wp-content\themes\bridge\css\style_dynamic_callback.php on line 1171
[27-May-2024 05:50:04 UTC] PHP Warning:  Undefined variable $logo_height in C:\xampp\htdocs\weeklygrocery\wp-content\themes\bridge\includes\qode-dynamic-helper-functions.php on line 1158
[27-May-2024 05:50:06 UTC] PHP Warning:  Undefined variable $logo_height in C:\xampp\htdocs\weeklygrocery\wp-content\themes\bridge\css\style_dynamic_callback.php on line 1171
[27-May-2024 05:50:06 UTC] PHP Warning:  Undefined variable $logo_height in C:\xampp\htdocs\weeklygrocery\wp-content\themes\bridge\includes\qode-dynamic-helper-functions.php on line 1158
[27-May-2024 05:50:09 UTC] PHP Warning:  Undefined variable $logo_height in C:\xampp\htdocs\weeklygrocery\wp-content\themes\bridge\css\style_dynamic_callback.php on line 1171
[27-May-2024 05:50:09 UTC] PHP Warning:  Undefined variable $logo_height in C:\xampp\htdocs\weeklygrocery\wp-content\themes\bridge\includes\qode-dynamic-helper-functions.php on line 1158
[27-May-2024 05:50:14 UTC] PHP Warning:  Undefined variable $logo_height in C:\xampp\htdocs\weeklygrocery\wp-content\themes\bridge\css\style_dynamic_callback.php on line 1171
[27-May-2024 05:50:14 UTC] PHP Warning:  Undefined variable $logo_height in C:\xampp\htdocs\weeklygrocery\wp-content\themes\bridge\includes\qode-dynamic-helper-functions.php on line 1158
[27-May-2024 05:50:23 UTC] PHP Warning:  Undefined variable $logo_height in C:\xampp\htdocs\weeklygrocery\wp-content\themes\bridge\css\style_dynamic_callback.php on line 1171
[27-May-2024 05:50:23 UTC] PHP Warning:  Undefined variable $logo_height in C:\xampp\htdocs\weeklygrocery\wp-content\themes\bridge\includes\qode-dynamic-helper-functions.php on line 1158
[27-May-2024 05:50:24 UTC] PHP Warning:  Undefined variable $logo_height in C:\xampp\htdocs\weeklygrocery\wp-content\themes\bridge\css\style_dynamic_callback.php on line 1171
[27-May-2024 05:50:24 UTC] PHP Warning:  Undefined variable $logo_height in C:\xampp\htdocs\weeklygrocery\wp-content\themes\bridge\includes\qode-dynamic-helper-functions.php on line 1158
[27-May-2024 05:50:25 UTC] PHP Warning:  Undefined variable $logo_height in C:\xampp\htdocs\weeklygrocery\wp-content\themes\bridge\css\style_dynamic_callback.php on line 1171
[27-May-2024 05:50:25 UTC] PHP Warning:  Undefined variable $logo_height in C:\xampp\htdocs\weeklygrocery\wp-content\themes\bridge\includes\qode-dynamic-helper-functions.php on line 1158
[27-May-2024 05:50:26 UTC] PHP Warning:  Undefined variable $logo_height in C:\xampp\htdocs\weeklygrocery\wp-content\themes\bridge\css\style_dynamic_callback.php on line 1171
[27-May-2024 05:50:26 UTC] PHP Warning:  Undefined variable $logo_height in C:\xampp\htdocs\weeklygrocery\wp-content\themes\bridge\includes\qode-dynamic-helper-functions.php on line 1158
[27-May-2024 05:50:29 UTC] PHP Warning:  Undefined variable $logo_height in C:\xampp\htdocs\weeklygrocery\wp-content\themes\bridge\css\style_dynamic_callback.php on line 1171
[27-May-2024 05:50:29 UTC] PHP Warning:  Undefined variable $logo_height in C:\xampp\htdocs\weeklygrocery\wp-content\themes\bridge\includes\qode-dynamic-helper-functions.php on line 1158
[27-May-2024 05:50:30 UTC] PHP Warning:  Undefined variable $logo_height in C:\xampp\htdocs\weeklygrocery\wp-content\themes\bridge\css\style_dynamic_callback.php on line 1171
[27-May-2024 05:50:30 UTC] PHP Warning:  Undefined variable $logo_height in C:\xampp\htdocs\weeklygrocery\wp-content\themes\bridge\includes\qode-dynamic-helper-functions.php on line 1158
[27-May-2024 05:50:33 UTC] PHP Warning:  Undefined variable $logo_height in C:\xampp\htdocs\weeklygrocery\wp-content\themes\bridge\css\style_dynamic_callback.php on line 1171
[27-May-2024 05:50:33 UTC] PHP Warning:  Undefined variable $logo_height in C:\xampp\htdocs\weeklygrocery\wp-content\themes\bridge\includes\qode-dynamic-helper-functions.php on line 1158
[27-May-2024 05:50:49 UTC] PHP Warning:  Undefined variable $logo_height in C:\xampp\htdocs\weeklygrocery\wp-content\themes\bridge\css\style_dynamic_callback.php on line 1171
[27-May-2024 05:50:49 UTC] PHP Warning:  Undefined variable $logo_height in C:\xampp\htdocs\weeklygrocery\wp-content\themes\bridge\includes\qode-dynamic-helper-functions.php on line 1158
[27-May-2024 05:50:50 UTC] PHP Warning:  Undefined variable $logo_height in C:\xampp\htdocs\weeklygrocery\wp-content\themes\bridge\css\style_dynamic_callback.php on line 1171
[27-May-2024 05:50:50 UTC] PHP Warning:  Undefined variable $logo_height in C:\xampp\htdocs\weeklygrocery\wp-content\themes\bridge\includes\qode-dynamic-helper-functions.php on line 1158
[27-May-2024 05:50:50 UTC] PHP Warning:  Undefined variable $logo_height in C:\xampp\htdocs\weeklygrocery\wp-content\themes\bridge\css\style_dynamic_callback.php on line 1171
[27-May-2024 05:50:50 UTC] PHP Warning:  Undefined variable $logo_height in C:\xampp\htdocs\weeklygrocery\wp-content\themes\bridge\includes\qode-dynamic-helper-functions.php on line 1158
[27-May-2024 05:50:52 UTC] PHP Warning:  Undefined variable $logo_height in C:\xampp\htdocs\weeklygrocery\wp-content\themes\bridge\css\style_dynamic_callback.php on line 1171
[27-May-2024 05:50:52 UTC] PHP Warning:  Undefined variable $logo_height in C:\xampp\htdocs\weeklygrocery\wp-content\themes\bridge\includes\qode-dynamic-helper-functions.php on line 1158
[27-May-2024 05:50:56 UTC] PHP Warning:  Undefined variable $logo_height in C:\xampp\htdocs\weeklygrocery\wp-content\themes\bridge\css\style_dynamic_callback.php on line 1171
[27-May-2024 05:50:56 UTC] PHP Warning:  Undefined variable $logo_height in C:\xampp\htdocs\weeklygrocery\wp-content\themes\bridge\includes\qode-dynamic-helper-functions.php on line 1158
[27-May-2024 05:58:32 UTC] PHP Warning:  Undefined variable $logo_height in C:\xampp\htdocs\weeklygrocery\wp-content\themes\bridge\css\style_dynamic_callback.php on line 1171
[27-May-2024 05:58:32 UTC] PHP Warning:  Undefined variable $logo_height in C:\xampp\htdocs\weeklygrocery\wp-content\themes\bridge\includes\qode-dynamic-helper-functions.php on line 1158
[27-May-2024 06:01:03 UTC] PHP Warning:  Undefined variable $logo_height in C:\xampp\htdocs\weeklygrocery\wp-content\themes\bridge\css\style_dynamic_callback.php on line 1171
[27-May-2024 06:01:03 UTC] PHP Warning:  Undefined variable $logo_height in C:\xampp\htdocs\weeklygrocery\wp-content\themes\bridge\includes\qode-dynamic-helper-functions.php on line 1158
[27-May-2024 06:01:23 UTC] PHP Warning:  Undefined variable $logo_height in C:\xampp\htdocs\weeklygrocery\wp-content\themes\bridge\css\style_dynamic_callback.php on line 1171
[27-May-2024 06:01:23 UTC] PHP Warning:  Undefined variable $logo_height in C:\xampp\htdocs\weeklygrocery\wp-content\themes\bridge\includes\qode-dynamic-helper-functions.php on line 1158
[27-May-2024 06:01:40 UTC] PHP Warning:  Undefined variable $logo_height in C:\xampp\htdocs\weeklygrocery\wp-content\themes\bridge\css\style_dynamic_callback.php on line 1171
[27-May-2024 06:01:40 UTC] PHP Warning:  Undefined variable $logo_height in C:\xampp\htdocs\weeklygrocery\wp-content\themes\bridge\includes\qode-dynamic-helper-functions.php on line 1158
[27-May-2024 06:05:19 UTC] PHP Warning:  Undefined variable $logo_height in C:\xampp\htdocs\weeklygrocery\wp-content\themes\bridge\css\style_dynamic_callback.php on line 1171
[27-May-2024 06:05:19 UTC] PHP Warning:  Undefined variable $logo_height in C:\xampp\htdocs\weeklygrocery\wp-content\themes\bridge\includes\qode-dynamic-helper-functions.php on line 1158
[27-May-2024 06:06:26 UTC] PHP Warning:  Undefined variable $logo_height in C:\xampp\htdocs\weeklygrocery\wp-content\themes\bridge\css\style_dynamic_callback.php on line 1171
[27-May-2024 06:06:26 UTC] PHP Warning:  Undefined variable $logo_height in C:\xampp\htdocs\weeklygrocery\wp-content\themes\bridge\includes\qode-dynamic-helper-functions.php on line 1158
[27-May-2024 06:07:34 UTC] PHP Warning:  Undefined variable $logo_height in C:\xampp\htdocs\weeklygrocery\wp-content\themes\bridge\css\style_dynamic_callback.php on line 1171
[27-May-2024 06:07:34 UTC] PHP Warning:  Undefined variable $logo_height in C:\xampp\htdocs\weeklygrocery\wp-content\themes\bridge\includes\qode-dynamic-helper-functions.php on line 1158
[27-May-2024 06:07:40 UTC] PHP Warning:  Undefined variable $logo_height in C:\xampp\htdocs\weeklygrocery\wp-content\themes\bridge\css\style_dynamic_callback.php on line 1171
[27-May-2024 06:07:40 UTC] PHP Warning:  Undefined variable $logo_height in C:\xampp\htdocs\weeklygrocery\wp-content\themes\bridge\includes\qode-dynamic-helper-functions.php on line 1158
[27-May-2024 06:08:27 UTC] PHP Warning:  Undefined variable $logo_height in C:\xampp\htdocs\weeklygrocery\wp-content\themes\bridge\css\style_dynamic_callback.php on line 1171
[27-May-2024 06:08:27 UTC] PHP Warning:  Undefined variable $logo_height in C:\xampp\htdocs\weeklygrocery\wp-content\themes\bridge\includes\qode-dynamic-helper-functions.php on line 1158
[27-May-2024 06:09:35 UTC] PHP Warning:  Undefined variable $logo_height in C:\xampp\htdocs\weeklygrocery\wp-content\themes\bridge\css\style_dynamic_callback.php on line 1171
[27-May-2024 06:09:35 UTC] PHP Warning:  Undefined variable $logo_height in C:\xampp\htdocs\weeklygrocery\wp-content\themes\bridge\includes\qode-dynamic-helper-functions.php on line 1158
[27-May-2024 06:09:45 UTC] PHP Warning:  Undefined variable $logo_height in C:\xampp\htdocs\weeklygrocery\wp-content\themes\bridge\css\style_dynamic_callback.php on line 1171
[27-May-2024 06:09:45 UTC] PHP Warning:  Undefined variable $logo_height in C:\xampp\htdocs\weeklygrocery\wp-content\themes\bridge\includes\qode-dynamic-helper-functions.php on line 1158
[27-May-2024 06:09:47 UTC] PHP Warning:  Undefined variable $logo_height in C:\xampp\htdocs\weeklygrocery\wp-content\themes\bridge\css\style_dynamic_callback.php on line 1171
[27-May-2024 06:09:47 UTC] PHP Warning:  Undefined variable $logo_height in C:\xampp\htdocs\weeklygrocery\wp-content\themes\bridge\includes\qode-dynamic-helper-functions.php on line 1158
[27-May-2024 06:09:48 UTC] PHP Warning:  Undefined variable $logo_height in C:\xampp\htdocs\weeklygrocery\wp-content\themes\bridge\css\style_dynamic_callback.php on line 1171
[27-May-2024 06:09:48 UTC] PHP Warning:  Undefined variable $logo_height in C:\xampp\htdocs\weeklygrocery\wp-content\themes\bridge\includes\qode-dynamic-helper-functions.php on line 1158
[27-May-2024 06:10:07 UTC] PHP Warning:  Undefined variable $logo_height in C:\xampp\htdocs\weeklygrocery\wp-content\themes\bridge\css\style_dynamic_callback.php on line 1171
[27-May-2024 06:10:07 UTC] PHP Warning:  Undefined variable $logo_height in C:\xampp\htdocs\weeklygrocery\wp-content\themes\bridge\includes\qode-dynamic-helper-functions.php on line 1158
[27-May-2024 06:11:44 UTC] PHP Warning:  Undefined variable $logo_height in C:\xampp\htdocs\weeklygrocery\wp-content\themes\bridge\css\style_dynamic_callback.php on line 1171
[27-May-2024 06:11:44 UTC] PHP Warning:  Undefined variable $logo_height in C:\xampp\htdocs\weeklygrocery\wp-content\themes\bridge\includes\qode-dynamic-helper-functions.php on line 1158
[27-May-2024 06:14:36 UTC] PHP Warning:  Undefined variable $logo_height in C:\xampp\htdocs\weeklygrocery\wp-content\themes\bridge\css\style_dynamic_callback.php on line 1171
[27-May-2024 06:14:36 UTC] PHP Warning:  Undefined variable $logo_height in C:\xampp\htdocs\weeklygrocery\wp-content\themes\bridge\includes\qode-dynamic-helper-functions.php on line 1158
[27-May-2024 06:15:02 UTC] PHP Warning:  Undefined variable $logo_height in C:\xampp\htdocs\weeklygrocery\wp-content\themes\bridge\css\style_dynamic_callback.php on line 1171
[27-May-2024 06:15:02 UTC] PHP Warning:  Undefined variable $logo_height in C:\xampp\htdocs\weeklygrocery\wp-content\themes\bridge\includes\qode-dynamic-helper-functions.php on line 1158
[27-May-2024 06:15:19 UTC] PHP Warning:  Undefined variable $logo_height in C:\xampp\htdocs\weeklygrocery\wp-content\themes\bridge\css\style_dynamic_callback.php on line 1171
[27-May-2024 06:15:19 UTC] PHP Warning:  Undefined variable $logo_height in C:\xampp\htdocs\weeklygrocery\wp-content\themes\bridge\includes\qode-dynamic-helper-functions.php on line 1158
[27-May-2024 06:17:17 UTC] PHP Warning:  Undefined variable $logo_height in C:\xampp\htdocs\weeklygrocery\wp-content\themes\bridge\css\style_dynamic_callback.php on line 1171
[27-May-2024 06:17:17 UTC] PHP Warning:  Undefined variable $logo_height in C:\xampp\htdocs\weeklygrocery\wp-content\themes\bridge\includes\qode-dynamic-helper-functions.php on line 1158
[27-May-2024 06:17:32 UTC] PHP Warning:  Undefined variable $logo_height in C:\xampp\htdocs\weeklygrocery\wp-content\themes\bridge\css\style_dynamic_callback.php on line 1171
[27-May-2024 06:17:32 UTC] PHP Warning:  Undefined variable $logo_height in C:\xampp\htdocs\weeklygrocery\wp-content\themes\bridge\includes\qode-dynamic-helper-functions.php on line 1158
[27-May-2024 06:19:33 UTC] PHP Warning:  Undefined variable $logo_height in C:\xampp\htdocs\weeklygrocery\wp-content\themes\bridge\css\style_dynamic_callback.php on line 1171
[27-May-2024 06:19:33 UTC] PHP Warning:  Undefined variable $logo_height in C:\xampp\htdocs\weeklygrocery\wp-content\themes\bridge\includes\qode-dynamic-helper-functions.php on line 1158
[27-May-2024 06:20:46 UTC] PHP Warning:  Undefined variable $logo_height in C:\xampp\htdocs\weeklygrocery\wp-content\themes\bridge\css\style_dynamic_callback.php on line 1171
[27-May-2024 06:20:46 UTC] PHP Warning:  Undefined variable $logo_height in C:\xampp\htdocs\weeklygrocery\wp-content\themes\bridge\includes\qode-dynamic-helper-functions.php on line 1158
[27-May-2024 06:20:50 UTC] PHP Warning:  Undefined variable $logo_height in C:\xampp\htdocs\weeklygrocery\wp-content\themes\bridge\css\style_dynamic_callback.php on line 1171
[27-May-2024 06:20:50 UTC] PHP Warning:  Undefined variable $logo_height in C:\xampp\htdocs\weeklygrocery\wp-content\themes\bridge\includes\qode-dynamic-helper-functions.php on line 1158
[27-May-2024 06:21:34 UTC] PHP Warning:  Undefined variable $logo_height in C:\xampp\htdocs\weeklygrocery\wp-content\themes\bridge\css\style_dynamic_callback.php on line 1171
[27-May-2024 06:21:34 UTC] PHP Warning:  Undefined variable $logo_height in C:\xampp\htdocs\weeklygrocery\wp-content\themes\bridge\includes\qode-dynamic-helper-functions.php on line 1158
[27-May-2024 06:22:00 UTC] PHP Warning:  Undefined variable $logo_height in C:\xampp\htdocs\weeklygrocery\wp-content\themes\bridge\css\style_dynamic_callback.php on line 1171
[27-May-2024 06:22:00 UTC] PHP Warning:  Undefined variable $logo_height in C:\xampp\htdocs\weeklygrocery\wp-content\themes\bridge\includes\qode-dynamic-helper-functions.php on line 1158
[27-May-2024 06:22:07 UTC] PHP Warning:  Undefined variable $logo_height in C:\xampp\htdocs\weeklygrocery\wp-content\themes\bridge\css\style_dynamic_callback.php on line 1171
[27-May-2024 06:22:07 UTC] PHP Warning:  Undefined variable $logo_height in C:\xampp\htdocs\weeklygrocery\wp-content\themes\bridge\includes\qode-dynamic-helper-functions.php on line 1158
[27-May-2024 06:24:39 UTC] PHP Warning:  Undefined variable $logo_height in C:\xampp\htdocs\weeklygrocery\wp-content\themes\bridge\css\style_dynamic_callback.php on line 1171
[27-May-2024 06:24:39 UTC] PHP Warning:  Undefined variable $logo_height in C:\xampp\htdocs\weeklygrocery\wp-content\themes\bridge\includes\qode-dynamic-helper-functions.php on line 1158
[27-May-2024 06:25:12 UTC] PHP Warning:  Undefined variable $logo_height in C:\xampp\htdocs\weeklygrocery\wp-content\themes\bridge\css\style_dynamic_callback.php on line 1171
[27-May-2024 06:25:12 UTC] PHP Warning:  Undefined variable $logo_height in C:\xampp\htdocs\weeklygrocery\wp-content\themes\bridge\includes\qode-dynamic-helper-functions.php on line 1158
[27-May-2024 06:25:31 UTC] PHP Warning:  Undefined variable $logo_height in C:\xampp\htdocs\weeklygrocery\wp-content\themes\bridge\css\style_dynamic_callback.php on line 1171
[27-May-2024 06:25:31 UTC] PHP Warning:  Undefined variable $logo_height in C:\xampp\htdocs\weeklygrocery\wp-content\themes\bridge\includes\qode-dynamic-helper-functions.php on line 1158
[27-May-2024 06:28:42 UTC] PHP Warning:  Undefined variable $logo_height in C:\xampp\htdocs\weeklygrocery\wp-content\themes\bridge\css\style_dynamic_callback.php on line 1171
[27-May-2024 06:28:42 UTC] PHP Warning:  Undefined variable $logo_height in C:\xampp\htdocs\weeklygrocery\wp-content\themes\bridge\includes\qode-dynamic-helper-functions.php on line 1158
[27-May-2024 06:34:50 UTC] PHP Warning:  Undefined variable $logo_height in C:\xampp\htdocs\weeklygrocery\wp-content\themes\bridge\css\style_dynamic_callback.php on line 1171
[27-May-2024 06:34:50 UTC] PHP Warning:  Undefined variable $logo_height in C:\xampp\htdocs\weeklygrocery\wp-content\themes\bridge\includes\qode-dynamic-helper-functions.php on line 1158
[27-May-2024 06:34:59 UTC] PHP Warning:  Undefined variable $logo_height in C:\xampp\htdocs\weeklygrocery\wp-content\themes\bridge\css\style_dynamic_callback.php on line 1171
[27-May-2024 06:34:59 UTC] PHP Warning:  Undefined variable $logo_height in C:\xampp\htdocs\weeklygrocery\wp-content\themes\bridge\includes\qode-dynamic-helper-functions.php on line 1158
[27-May-2024 06:43:13 UTC] PHP Warning:  Undefined variable $logo_height in C:\xampp\htdocs\weeklygrocery\wp-content\themes\bridge\css\style_dynamic_callback.php on line 1171
[27-May-2024 06:43:13 UTC] PHP Warning:  Undefined variable $logo_height in C:\xampp\htdocs\weeklygrocery\wp-content\themes\bridge\includes\qode-dynamic-helper-functions.php on line 1158
[27-May-2024 06:43:17 UTC] PHP Warning:  Undefined variable $logo_height in C:\xampp\htdocs\weeklygrocery\wp-content\themes\bridge\css\style_dynamic_callback.php on line 1171
[27-May-2024 06:43:17 UTC] PHP Warning:  Undefined variable $logo_height in C:\xampp\htdocs\weeklygrocery\wp-content\themes\bridge\includes\qode-dynamic-helper-functions.php on line 1158
[27-May-2024 06:43:38 UTC] PHP Warning:  Undefined variable $logo_height in C:\xampp\htdocs\weeklygrocery\wp-content\themes\bridge\css\style_dynamic_callback.php on line 1171
[27-May-2024 06:43:38 UTC] PHP Warning:  Undefined variable $logo_height in C:\xampp\htdocs\weeklygrocery\wp-content\themes\bridge\includes\qode-dynamic-helper-functions.php on line 1158
[27-May-2024 06:45:19 UTC] PHP Warning:  Undefined variable $logo_height in C:\xampp\htdocs\weeklygrocery\wp-content\themes\bridge\css\style_dynamic_callback.php on line 1171
[27-May-2024 06:45:19 UTC] PHP Warning:  Undefined variable $logo_height in C:\xampp\htdocs\weeklygrocery\wp-content\themes\bridge\includes\qode-dynamic-helper-functions.php on line 1158
[27-May-2024 06:45:22 UTC] PHP Warning:  Undefined variable $logo_height in C:\xampp\htdocs\weeklygrocery\wp-content\themes\bridge\css\style_dynamic_callback.php on line 1171
[27-May-2024 06:45:22 UTC] PHP Warning:  Undefined variable $logo_height in C:\xampp\htdocs\weeklygrocery\wp-content\themes\bridge\includes\qode-dynamic-helper-functions.php on line 1158
[27-May-2024 06:47:32 UTC] PHP Warning:  Undefined variable $logo_height in C:\xampp\htdocs\weeklygrocery\wp-content\themes\bridge\css\style_dynamic_callback.php on line 1171
[27-May-2024 06:47:32 UTC] PHP Warning:  Undefined variable $logo_height in C:\xampp\htdocs\weeklygrocery\wp-content\themes\bridge\includes\qode-dynamic-helper-functions.php on line 1158
[27-May-2024 06:47:44 UTC] PHP Warning:  Undefined variable $logo_height in C:\xampp\htdocs\weeklygrocery\wp-content\themes\bridge\css\style_dynamic_callback.php on line 1171
[27-May-2024 06:47:44 UTC] PHP Warning:  Undefined variable $logo_height in C:\xampp\htdocs\weeklygrocery\wp-content\themes\bridge\includes\qode-dynamic-helper-functions.php on line 1158
[27-May-2024 06:47:57 UTC] PHP Warning:  Undefined variable $logo_height in C:\xampp\htdocs\weeklygrocery\wp-content\themes\bridge\css\style_dynamic_callback.php on line 1171
[27-May-2024 06:47:57 UTC] PHP Warning:  Undefined variable $logo_height in C:\xampp\htdocs\weeklygrocery\wp-content\themes\bridge\includes\qode-dynamic-helper-functions.php on line 1158
[27-May-2024 06:48:02 UTC] PHP Warning:  Undefined variable $logo_height in C:\xampp\htdocs\weeklygrocery\wp-content\themes\bridge\css\style_dynamic_callback.php on line 1171
[27-May-2024 06:48:02 UTC] PHP Warning:  Undefined variable $logo_height in C:\xampp\htdocs\weeklygrocery\wp-content\themes\bridge\includes\qode-dynamic-helper-functions.php on line 1158
[27-May-2024 06:48:55 UTC] PHP Warning:  Undefined variable $logo_height in C:\xampp\htdocs\weeklygrocery\wp-content\themes\bridge\css\style_dynamic_callback.php on line 1171
[27-May-2024 06:48:55 UTC] PHP Warning:  Undefined variable $logo_height in C:\xampp\htdocs\weeklygrocery\wp-content\themes\bridge\includes\qode-dynamic-helper-functions.php on line 1158
[27-May-2024 06:49:13 UTC] PHP Warning:  Undefined variable $logo_height in C:\xampp\htdocs\weeklygrocery\wp-content\themes\bridge\css\style_dynamic_callback.php on line 1171
[27-May-2024 06:49:13 UTC] PHP Warning:  Undefined variable $logo_height in C:\xampp\htdocs\weeklygrocery\wp-content\themes\bridge\includes\qode-dynamic-helper-functions.php on line 1158
[27-May-2024 06:49:29 UTC] PHP Warning:  Undefined variable $logo_height in C:\xampp\htdocs\weeklygrocery\wp-content\themes\bridge\css\style_dynamic_callback.php on line 1171
[27-May-2024 06:49:29 UTC] PHP Warning:  Undefined variable $logo_height in C:\xampp\htdocs\weeklygrocery\wp-content\themes\bridge\includes\qode-dynamic-helper-functions.php on line 1158
[27-May-2024 06:50:16 UTC] PHP Warning:  Undefined variable $logo_height in C:\xampp\htdocs\weeklygrocery\wp-content\themes\bridge\css\style_dynamic_callback.php on line 1171
[27-May-2024 06:50:16 UTC] PHP Warning:  Undefined variable $logo_height in C:\xampp\htdocs\weeklygrocery\wp-content\themes\bridge\includes\qode-dynamic-helper-functions.php on line 1158
[27-May-2024 06:52:47 UTC] PHP Warning:  Undefined variable $logo_height in C:\xampp\htdocs\weeklygrocery\wp-content\themes\bridge\css\style_dynamic_callback.php on line 1171
[27-May-2024 06:52:47 UTC] PHP Warning:  Undefined variable $logo_height in C:\xampp\htdocs\weeklygrocery\wp-content\themes\bridge\includes\qode-dynamic-helper-functions.php on line 1158
[27-May-2024 06:52:53 UTC] PHP Warning:  Undefined variable $logo_height in C:\xampp\htdocs\weeklygrocery\wp-content\themes\bridge\css\style_dynamic_callback.php on line 1171
[27-May-2024 06:52:53 UTC] PHP Warning:  Undefined variable $logo_height in C:\xampp\htdocs\weeklygrocery\wp-content\themes\bridge\includes\qode-dynamic-helper-functions.php on line 1158
[27-May-2024 06:53:02 UTC] PHP Warning:  Undefined variable $logo_height in C:\xampp\htdocs\weeklygrocery\wp-content\themes\bridge\css\style_dynamic_callback.php on line 1171
[27-May-2024 06:53:02 UTC] PHP Warning:  Undefined variable $logo_height in C:\xampp\htdocs\weeklygrocery\wp-content\themes\bridge\includes\qode-dynamic-helper-functions.php on line 1158
[27-May-2024 06:53:04 UTC] PHP Warning:  Undefined variable $logo_height in C:\xampp\htdocs\weeklygrocery\wp-content\themes\bridge\css\style_dynamic_callback.php on line 1171
[27-May-2024 06:53:04 UTC] PHP Warning:  Undefined variable $logo_height in C:\xampp\htdocs\weeklygrocery\wp-content\themes\bridge\includes\qode-dynamic-helper-functions.php on line 1158
[27-May-2024 06:53:46 UTC] PHP Warning:  Undefined variable $logo_height in C:\xampp\htdocs\weeklygrocery\wp-content\themes\bridge\css\style_dynamic_callback.php on line 1171
[27-May-2024 06:53:46 UTC] PHP Warning:  Undefined variable $logo_height in C:\xampp\htdocs\weeklygrocery\wp-content\themes\bridge\includes\qode-dynamic-helper-functions.php on line 1158
[27-May-2024 06:53:49 UTC] PHP Warning:  Undefined variable $logo_height in C:\xampp\htdocs\weeklygrocery\wp-content\themes\bridge\css\style_dynamic_callback.php on line 1171
[27-May-2024 06:53:49 UTC] PHP Warning:  Undefined variable $logo_height in C:\xampp\htdocs\weeklygrocery\wp-content\themes\bridge\includes\qode-dynamic-helper-functions.php on line 1158
[27-May-2024 06:54:12 UTC] PHP Warning:  Undefined variable $logo_height in C:\xampp\htdocs\weeklygrocery\wp-content\themes\bridge\css\style_dynamic_callback.php on line 1171
[27-May-2024 06:54:12 UTC] PHP Warning:  Undefined variable $logo_height in C:\xampp\htdocs\weeklygrocery\wp-content\themes\bridge\includes\qode-dynamic-helper-functions.php on line 1158
[27-May-2024 06:54:18 UTC] PHP Warning:  Undefined variable $logo_height in C:\xampp\htdocs\weeklygrocery\wp-content\themes\bridge\css\style_dynamic_callback.php on line 1171
[27-May-2024 06:54:18 UTC] PHP Warning:  Undefined variable $logo_height in C:\xampp\htdocs\weeklygrocery\wp-content\themes\bridge\includes\qode-dynamic-helper-functions.php on line 1158
[27-May-2024 06:58:48 UTC] PHP Warning:  Undefined variable $logo_height in C:\xampp\htdocs\weeklygrocery\wp-content\themes\bridge\css\style_dynamic_callback.php on line 1171
[27-May-2024 06:58:48 UTC] PHP Warning:  Undefined variable $logo_height in C:\xampp\htdocs\weeklygrocery\wp-content\themes\bridge\includes\qode-dynamic-helper-functions.php on line 1158
[27-May-2024 06:58:56 UTC] PHP Warning:  Undefined variable $logo_height in C:\xampp\htdocs\weeklygrocery\wp-content\themes\bridge\css\style_dynamic_callback.php on line 1171
[27-May-2024 06:58:56 UTC] PHP Warning:  Undefined variable $logo_height in C:\xampp\htdocs\weeklygrocery\wp-content\themes\bridge\includes\qode-dynamic-helper-functions.php on line 1158
[27-May-2024 06:59:20 UTC] PHP Warning:  Undefined variable $logo_height in C:\xampp\htdocs\weeklygrocery\wp-content\themes\bridge\css\style_dynamic_callback.php on line 1171
[27-May-2024 06:59:20 UTC] PHP Warning:  Undefined variable $logo_height in C:\xampp\htdocs\weeklygrocery\wp-content\themes\bridge\includes\qode-dynamic-helper-functions.php on line 1158
[27-May-2024 06:59:31 UTC] PHP Warning:  Undefined variable $logo_height in C:\xampp\htdocs\weeklygrocery\wp-content\themes\bridge\css\style_dynamic_callback.php on line 1171
[27-May-2024 06:59:31 UTC] PHP Warning:  Undefined variable $logo_height in C:\xampp\htdocs\weeklygrocery\wp-content\themes\bridge\includes\qode-dynamic-helper-functions.php on line 1158
